TN:
SF:src/App.tsx
FN:15,App
FNF:1
FNH:0
FNDA:0,App
DA:16,0
LF:1
LH:0
BRF:0
BRH:0
end_of_record
TN:
SF:src/api/auth.ts
FN:6,extractToken
FN:10,ingresar
FN:15,registrar
FNF:3
FNH:1
FNDA:6,extractToken
FNDA:0,ingresar
FNDA:0,registrar
DA:4,2
DA:7,6
DA:11,0
DA:12,0
DA:16,0
DA:17,0
LF:6
LH:2
BRDA:7,0,0,6
BRDA:7,0,1,5
BRDA:7,0,2,4
BRDA:7,0,3,2
BRF:4
BRH:4
end_of_record
TN:
SF:src/api/client.ts
FN:14,(anonymous_0)
FN:35,(anonymous_1)
FN:36,(anonymous_2)
FN:47,getStoredToken
FN:51,setStoredToken
FN:56,clearStoredToken
FN:61,getStoredUserRole
FN:81,isStoredUserAdmin
FN:85,onStoredTokenChange
FN:87,(anonymous_9)
FN:93,getErrorMessage
FNF:11
FNH:8
FNDA:0,(anonymous_0)
FNDA:0,(anonymous_1)
FNDA:0,(anonymous_2)
FNDA:13,getStoredToken
FNDA:3,setStoredToken
FNDA:3,clearStoredToken
FNDA:6,getStoredUserRole
FNDA:2,isStoredUserAdmin
FNDA:4,onStoredTokenChange
FNDA:4,(anonymous_9)
FNDA:10,getErrorMessage
DA:3,8
DA:4,8
DA:5,8
DA:7,8
DA:14,8
DA:15,0
DA:16,0
DA:18,0
DA:22,0
DA:23,0
DA:24,0
DA:27,0
DA:28,0
DA:29,0
DA:31,0
DA:34,8
DA:35,0
DA:37,0
DA:38,0
DA:39,0
DA:40,0
DA:43,0
DA:48,13
DA:52,3
DA:53,3
DA:57,3
DA:58,3
DA:62,6
DA:63,6
DA:65,5
DA:66,5
DA:67,5
DA:68,4
DA:69,4
DA:70,4
DA:74,4
DA:75,6
DA:77,0
DA:82,2
DA:86,4
DA:87,4
DA:94,10
DA:95,4
DA:96,4
DA:97,3
DA:98,3
DA:99,2
DA:101,1
DA:103,1
DA:104,1
DA:107,6
DA:108,5
DA:110,1
LF:53
LH:36
BRDA:3,0,0,8
BRDA:3,0,1,0
BRDA:15,1,0,0
BRDA:15,1,1,0
BRDA:16,2,0,0
BRDA:16,2,1,0
BRDA:18,3,0,0
BRDA:18,3,1,0
BRDA:18,3,2,0
BRDA:22,4,0,0
BRDA:22,4,1,0
BRDA:22,5,0,0
BRDA:22,5,1,0
BRDA:28,6,0,0
BRDA:28,6,1,0
BRDA:37,7,0,0
BRDA:37,7,1,0
BRDA:37,8,0,0
BRDA:37,8,1,0
BRDA:38,9,0,0
BRDA:38,9,1,0
BRDA:39,10,0,0
BRDA:39,10,1,0
BRDA:63,11,0,1
BRDA:63,11,1,5
BRDA:67,12,0,1
BRDA:67,12,1,4
BRDA:74,13,0,4
BRDA:74,13,1,2
BRDA:75,14,0,6
BRDA:75,14,1,0
BRDA:94,15,0,4
BRDA:94,15,1,6
BRDA:96,16,0,3
BRDA:96,16,1,1
BRDA:98,17,0,2
BRDA:98,17,1,1
BRDA:98,18,0,3
BRDA:98,18,1,3
BRDA:99,19,0,2
BRDA:99,19,1,1
BRDA:99,19,2,0
BRDA:103,20,0,1
BRDA:103,20,1,0
BRDA:107,21,0,5
BRDA:107,21,1,1
BRF:46
BRH:21
end_of_record
TN:
SF:src/api/geolocalizacion.ts
FN:14,calcularDistancia
FN:21,buscarEnRadio
FN:26,guardarUbicacion
FN:33,obtenerUbicacion
FN:38,eliminarUbicacion
FNF:5
FNH:5
FNDA:1,calcularDistancia
FNDA:1,buscarEnRadio
FNDA:1,guardarUbicacion
FNDA:1,obtenerUbicacion
FNDA:1,eliminarUbicacion
DA:12,1
DA:17,1
DA:18,1
DA:22,1
DA:23,1
DA:29,1
DA:30,1
DA:34,1
DA:35,1
DA:39,1
LF:10
LH:10
BRF:0
BRH:0
end_of_record
TN:
SF:src/api/mascotas.ts
FN:6,listarMascotas
FN:16,obtenerMascota
FN:21,crearMascota
FN:26,eliminarMascota
FNF:4
FNH:4
FNDA:2,listarMascotas
FNDA:1,obtenerMascota
FNDA:1,crearMascota
FNDA:1,eliminarMascota
DA:4,1
DA:9,2
DA:10,2
DA:11,2
DA:12,2
DA:13,2
DA:17,1
DA:18,1
DA:22,1
DA:23,1
DA:27,1
LF:11
LH:11
BRDA:10,0,0,1
BRDA:10,0,1,1
BRDA:11,1,0,1
BRDA:11,1,1,1
BRF:4
BRH:4
end_of_record
TN:
SF:src/api/orquestador.ts
FN:10,crearReporteCompleto
FN:20,obtenerPublicacionDetallada
FNF:2
FNH:2
FNDA:1,crearReporteCompleto
FNDA:1,obtenerPublicacionDetallada
DA:8,1
DA:13,1
DA:17,1
DA:23,1
DA:26,1
LF:5
LH:5
BRF:0
BRH:0
end_of_record
TN:
SF:src/api/publicaciones.ts
FN:6,listarPublicaciones
FN:11,obtenerPublicacion
FN:16,crearPublicacion
FN:23,actualizarPublicacion
FN:31,eliminarPublicacion
FNF:5
FNH:5
FNDA:1,listarPublicaciones
FNDA:1,obtenerPublicacion
FNDA:1,crearPublicacion
FNDA:1,actualizarPublicacion
FNDA:1,eliminarPublicacion
DA:4,1
DA:7,1
DA:8,1
DA:12,1
DA:13,1
DA:19,1
DA:20,1
DA:27,1
DA:28,1
DA:32,1
LF:10
LH:10
BRF:0
BRH:0
end_of_record
TN:
SF:src/api/types.ts
FNF:0
FNH:0
LF:0
LH:0
BRF:0
BRH:0
end_of_record
TN:
SF:src/api/usuarios.ts
FN:13,normalizeUsuariosResponse
FN:21,listarUsuarios
FN:26,obtenerUsuario
FN:31,obtenerMiPerfil
FN:36,actualizarPerfil
FN:44,cambiarMiPassword
FN:49,resetearPasswordAdmin
FN:60,desactivarMiCuenta
FN:64,eliminarUsuario
FNF:9
FNH:2
FNDA:3,normalizeUsuariosResponse
FNDA:3,listarUsuarios
FNDA:0,obtenerUsuario
FNDA:0,obtenerMiPerfil
FNDA:0,actualizarPerfil
FNDA:0,cambiarMiPassword
FNDA:0,resetearPasswordAdmin
FNDA:0,desactivarMiCuenta
FNDA:0,eliminarUsuario
DA:4,1
DA:14,3
DA:15,1
DA:18,2
DA:22,3
DA:23,3
DA:27,0
DA:28,0
DA:32,0
DA:33,0
DA:40,0
DA:41,0
DA:45,0
DA:46,0
DA:53,0
DA:57,0
DA:61,0
DA:65,0
LF:18
LH:6
BRDA:14,0,0,1
BRDA:14,0,1,2
BRDA:18,1,0,2
BRDA:18,1,1,1
BRDA:18,1,2,1
BRF:5
BRH:5
end_of_record
TN:
SF:src/auth/AuthContext.tsx
FN:39,decodeToken
FN:53,normalizeRole
FN:58,roleFromPayload
FN:62,isExpired
FN:67,AuthProvider
FN:68,(anonymous_5)
FN:77,(anonymous_6)
FN:82,(anonymous_7)
FN:87,(anonymous_8)
FN:88,(anonymous_9)
FN:89,(anonymous_10)
FN:98,(anonymous_11)
FN:104,(anonymous_12)
FN:121,(anonymous_13)
FN:130,useAuth
FNF:15
FNH:14
FNDA:8,decodeToken
FNDA:9,normalizeRole
FNDA:5,roleFromPayload
FNDA:5,isExpired
FNDA:5,AuthProvider
FNDA:3,(anonymous_5)
FNDA:1,(anonymous_6)
FNDA:1,(anonymous_7)
FNDA:3,(anonymous_8)
FNDA:2,(anonymous_9)
FNDA:0,(anonymous_10)
FNDA:3,(anonymous_11)
FNDA:5,(anonymous_12)
FNDA:5,(anonymous_13)
FNDA:5,useAuth
DA:37,1
DA:40,8
DA:42,4
DA:43,4
DA:44,4
DA:45,4
DA:46,4
DA:47,4
DA:49,0
DA:54,9
DA:55,2
DA:59,5
DA:63,5
DA:64,4
DA:68,5
DA:69,3
DA:70,3
DA:71,1
DA:72,1
DA:74,2
DA:77,5
DA:78,1
DA:79,1
DA:82,5
DA:83,1
DA:84,1
DA:87,5
DA:88,3
DA:89,3
DA:90,0
DA:91,0
DA:95,3
DA:96,3
DA:98,3
DA:99,3
DA:100,3
DA:104,5
DA:105,5
DA:106,5
DA:107,5
DA:109,5
DA:121,5
DA:122,5
DA:123,0
DA:127,5
DA:131,5
DA:132,5
DA:133,0
DA:135,5
LF:49
LH:44
BRDA:40,0,0,4
BRDA:40,0,1,4
BRDA:44,1,0,0
BRDA:44,1,1,4
BRDA:54,2,0,7
BRDA:54,2,1,2
BRDA:59,3,0,5
BRDA:59,3,1,4
BRDA:63,4,0,1
BRDA:63,4,1,4
BRDA:70,5,0,1
BRDA:70,5,1,2
BRDA:90,6,0,0
BRDA:90,6,1,0
BRDA:106,7,0,2
BRDA:106,7,1,3
BRDA:106,8,0,5
BRDA:106,8,1,2
BRDA:111,9,0,2
BRDA:111,9,1,3
BRDA:112,10,0,2
BRDA:112,10,1,3
BRDA:112,11,0,2
BRDA:112,11,1,1
BRDA:112,11,2,0
BRDA:113,12,0,2
BRDA:113,12,1,3
BRDA:113,13,0,2
BRDA:113,13,1,1
BRDA:122,14,0,0
BRDA:122,14,1,5
BRDA:122,15,0,5
BRDA:122,15,1,2
BRDA:132,16,0,0
BRDA:132,16,1,5
BRF:35
BRH:29
end_of_record
TN:
SF:src/components/Badge.tsx
FN:11,Badge
FN:21,toneForTipo
FN:28,toneForEstado
FNF:3
FNH:3
FNDA:40,Badge
FNDA:27,toneForTipo
FNDA:2,toneForEstado
DA:12,40
DA:22,27
DA:23,27
DA:24,16
DA:25,1
DA:29,2
DA:30,2
DA:31,1
DA:33,1
LF:9
LH:9
BRDA:11,0,0,40
BRDA:11,1,0,40
BRDA:14,2,0,40
BRDA:14,2,1,39
BRDA:23,3,0,11
BRDA:23,3,1,16
BRDA:23,4,0,27
BRDA:23,4,1,21
BRDA:24,5,0,15
BRDA:24,5,1,1
BRDA:24,6,0,16
BRDA:24,6,1,1
BRDA:30,7,0,1
BRDA:30,7,1,1
BRDA:30,8,0,2
BRDA:30,8,1,2
BRDA:30,8,2,2
BRF:17
BRH:17
end_of_record
TN:
SF:src/components/Button.tsx
FN:13,Button
FNF:1
FNH:1
FNDA:224,Button
DA:21,224
DA:31,224
LF:2
LH:2
BRDA:14,0,0,224
BRDA:15,1,0,224
BRDA:16,2,0,224
BRDA:17,3,0,224
BRDA:24,4,0,14
BRDA:24,4,1,210
BRDA:25,5,0,130
BRDA:25,5,1,94
BRF:8
BRH:8
end_of_record
TN:
SF:src/components/Field.tsx
FN:16,FieldShell
FN:31,InputField
FN:44,TextareaField
FN:58,SelectField
FNF:4
FNH:4
FNDA:712,FieldShell
FNDA:710,InputField
FNDA:1,TextareaField
FNDA:1,SelectField
DA:17,712
DA:32,710
DA:45,1
DA:59,1
LF:4
LH:4
BRDA:21,0,0,712
BRDA:21,0,1,1
BRF:2
BRH:2
end_of_record
TN:
SF:src/components/Layout.tsx
FN:13,Layout
FN:18,(anonymous_1)
FN:21,handlePointerDown
FN:27,handleKeyDown
FN:37,(anonymous_4)
FN:44,handleLogout
FN:64,(anonymous_6)
FN:65,(anonymous_7)
FN:70,(anonymous_8)
FN:89,(anonymous_9)
FN:89,(anonymous_10)
FN:104,(anonymous_11)
FNF:12
FNH:10
FNDA:4,Layout
FNDA:4,(anonymous_1)
FNDA:1,handlePointerDown
FNDA:0,handleKeyDown
FNDA:1,(anonymous_4)
FNDA:1,handleLogout
FNDA:12,(anonymous_6)
FNDA:11,(anonymous_7)
FNDA:11,(anonymous_8)
FNDA:1,(anonymous_9)
FNDA:1,(anonymous_10)
FNDA:0,(anonymous_11)
DA:7,1
DA:14,4
DA:15,4
DA:16,4
DA:18,4
DA:19,4
DA:22,1
DA:23,0
DA:28,0
DA:29,0
DA:33,1
DA:34,1
DA:35,1
DA:37,1
DA:38,1
DA:39,1
DA:40,1
DA:45,1
DA:46,1
DA:49,4
DA:64,12
DA:66,11
DA:71,11
DA:89,1
DA:104,0
LF:25
LH:21
BRDA:19,0,0,3
BRDA:19,0,1,1
BRDA:22,1,0,0
BRDA:22,1,1,1
BRDA:28,2,0,0
BRDA:28,2,1,0
BRDA:64,3,0,12
BRDA:64,3,1,4
BRDA:71,4,0,4
BRDA:71,4,1,7
BRDA:81,5,0,4
BRDA:81,5,1,0
BRDA:93,6,0,4
BRDA:93,6,1,1
BRDA:96,7,0,1
BRDA:96,7,1,0
BRDA:97,8,0,1
BRDA:97,8,1,0
BRDA:97,8,2,0
BRDA:99,9,0,1
BRDA:99,9,1,1
BRF:21
BRH:14
end_of_record
TN:
SF:src/components/PublicacionCard.tsx
FN:8,PublicacionCard
FNF:1
FNH:1
FNDA:20,PublicacionCard
DA:9,20
DA:10,20
DA:12,20
LF:3
LH:3
BRDA:10,0,0,20
BRDA:10,0,1,1
BRDA:15,1,0,1
BRDA:15,1,1,19
BRDA:26,2,0,20
BRDA:26,2,1,14
BRDA:32,3,0,20
BRDA:32,3,1,20
BRF:8
BRH:8
end_of_record
TN:
SF:src/components/PublicacionesMap.tsx
FN:20,hasCoordinates
FN:24,markerIcon
FN:35,FitToMarkers
FN:38,(anonymous_3)
FN:41,(anonymous_4)
FN:52,PublicacionesMap
FN:71,(anonymous_6)
FNF:7
FNH:7
FNDA:3,hasCoordinates
FNDA:2,markerIcon
FNDA:2,FitToMarkers
FNDA:2,(anonymous_3)
FNDA:2,(anonymous_4)
FNDA:2,PublicacionesMap
FNDA:2,(anonymous_6)
DA:18,1
DA:21,3
DA:25,2
DA:26,2
DA:36,2
DA:38,2
DA:39,2
DA:40,1
DA:41,2
DA:43,1
DA:44,1
DA:45,0
DA:49,2
DA:53,2
DA:54,2
DA:58,2
DA:72,2
LF:17
LH:16
BRDA:21,0,0,3
BRDA:21,0,1,2
BRDA:25,1,0,1
BRDA:25,1,1,1
BRDA:39,2,0,1
BRDA:39,2,1,1
BRDA:44,3,0,0
BRDA:44,3,1,1
BRDA:54,4,0,1
BRDA:54,4,1,1
BRDA:62,5,0,1
BRDA:62,5,1,1
BRDA:81,6,0,2
BRDA:81,6,1,1
BRF:14
BRH:13
end_of_record
TN:
SF:src/components/ScrollToTop.tsx
FN:5,ScrollToTop
FN:7,(anonymous_1)
FNF:2
FNH:2
FNDA:1,ScrollToTop
FNDA:1,(anonymous_1)
DA:6,1
DA:7,1
DA:8,1
DA:10,1
LF:4
LH:4
BRF:0
BRH:0
end_of_record
TN:
SF:src/components/States.tsx
FN:4,Spinner
FN:8,LoadingState
FN:24,EmptyState
FN:41,ErrorState
FNF:4
FNH:4
FNDA:9,Spinner
FNDA:8,LoadingState
FNDA:5,EmptyState
FNDA:3,ErrorState
DA:5,9
DA:9,8
DA:25,5
DA:42,3
LF:4
LH:4
BRDA:8,0,0,8
BRDA:27,1,0,5
BRDA:27,1,1,4
BRDA:29,2,0,5
BRDA:29,2,1,5
BRDA:41,3,0,3
BRF:6
BRH:6
end_of_record
TN:
SF:src/components/Toast.tsx
FN:28,ToastProvider
FN:31,(anonymous_1)
FN:32,(anonymous_2)
FN:32,(anonymous_3)
FN:36,(anonymous_4)
FN:38,(anonymous_5)
FN:39,(anonymous_6)
FN:45,(anonymous_7)
FN:46,(anonymous_8)
FN:47,(anonymous_9)
FN:56,(anonymous_10)
FN:64,(anonymous_11)
FN:77,useToast
FN:85,CheckIcon
FN:93,AlertIcon
FN:103,CloseIcon
FNF:16
FNH:15
FNDA:4,ToastProvider
FNDA:1,(anonymous_1)
FNDA:1,(anonymous_2)
FNDA:2,(anonymous_3)
FNDA:2,(anonymous_4)
FNDA:2,(anonymous_5)
FNDA:0,(anonymous_6)
FNDA:1,(anonymous_7)
FNDA:1,(anonymous_8)
FNDA:1,(anonymous_9)
FNDA:4,(anonymous_10)
FNDA:1,(anonymous_11)
FNDA:1,useToast
FNDA:2,CheckIcon
FNDA:2,AlertIcon
FNDA:4,CloseIcon
DA:24,1
DA:26,1
DA:29,4
DA:31,4
DA:32,2
DA:35,4
DA:37,2
DA:38,2
DA:39,2
DA:44,4
DA:45,1
DA:46,1
DA:47,1
DA:52,4
DA:57,4
DA:64,1
DA:78,1
DA:79,1
DA:80,0
DA:82,1
DA:86,2
DA:94,2
DA:104,4
LF:23
LH:22
BRDA:59,0,0,2
BRDA:59,0,1,2
BRDA:79,1,0,0
BRDA:79,1,1,1
BRF:4
BRH:3
end_of_record
TN:
SF:src/components/icons.tsx
FN:5,base
FN:19,PawIcon
FN:32,MapPinIcon
FN:41,PlusIcon
FN:50,SearchIcon
FN:59,ArrowLeftIcon
FN:68,TrashIcon
FN:77,PhoneIcon
FN:85,CalendarIcon
FN:96,RulerIcon
FN:105,CompassIcon
FN:114,HeartIcon
FN:122,UserIcon
FNF:13
FNH:13
FNDA:180,base
FNDA:31,PawIcon
FNDA:47,MapPinIcon
FNDA:28,PlusIcon
FNDA:50,SearchIcon
FNDA:1,ArrowLeftIcon
FNDA:5,TrashIcon
FNDA:1,PhoneIcon
FNDA:1,CalendarIcon
FNDA:1,RulerIcon
FNDA:38,CompassIcon
FNDA:1,HeartIcon
FNDA:7,UserIcon
DA:6,180
DA:20,31
DA:21,31
DA:33,47
DA:42,28
DA:51,50
DA:60,1
DA:69,5
DA:78,1
DA:86,1
DA:97,1
DA:106,38
DA:115,1
DA:123,7
LF:14
LH:14
BRDA:5,0,0,180
BRDA:20,1,0,31
BRF:2
BRH:2
end_of_record
TN:
SF:src/pages/AuthPage.tsx
FN:14,AuthPage
FN:30,handleLogin
FN:53,handleRegistro
FN:68,(anonymous_3)
FN:101,(anonymous_4)
FN:108,(anonymous_5)
FN:122,(anonymous_6)
FN:123,(anonymous_7)
FN:133,(anonymous_8)
FN:134,(anonymous_9)
FN:149,(anonymous_10)
FN:150,(anonymous_11)
FN:160,(anonymous_12)
FN:161,(anonymous_13)
FN:169,(anonymous_14)
FN:170,(anonymous_15)
FN:179,(anonymous_16)
FN:180,(anonymous_17)
FN:189,(anonymous_18)
FN:190,(anonymous_19)
FNF:20
FNH:19
FNDA:129,AuthPage
FNDA:2,handleLogin
FNDA:1,handleRegistro
FNDA:1,(anonymous_3)
FNDA:0,(anonymous_4)
FNDA:1,(anonymous_5)
FNDA:42,(anonymous_6)
FNDA:42,(anonymous_7)
FNDA:18,(anonymous_8)
FNDA:18,(anonymous_9)
FNDA:14,(anonymous_10)
FNDA:14,(anonymous_11)
FNDA:20,(anonymous_12)
FNDA:20,(anonymous_13)
FNDA:8,(anonymous_14)
FNDA:8,(anonymous_15)
FNDA:9,(anonymous_16)
FNDA:9,(anonymous_17)
FNDA:9,(anonymous_18)
FNDA:9,(anonymous_19)
DA:15,129
DA:16,129
DA:17,129
DA:18,129
DA:19,129
DA:20,129
DA:21,129
DA:22,129
DA:31,2
DA:32,2
DA:33,2
DA:35,2
DA:36,2
DA:37,2
DA:38,2
DA:39,1
DA:41,1
DA:42,1
DA:43,1
DA:45,1
DA:46,1
DA:47,1
DA:49,2
DA:54,1
DA:55,1
DA:56,1
DA:58,1
DA:59,1
DA:66,1
DA:67,1
DA:68,1
DA:70,0
DA:71,0
DA:72,0
DA:74,1
DA:78,129
DA:101,0
DA:108,1
DA:123,42
DA:134,18
DA:150,14
DA:161,20
DA:170,8
DA:180,9
DA:190,9
LF:45
LH:41
BRDA:38,0,0,1
BRDA:38,0,1,1
BRDA:63,1,0,1
BRDA:63,1,1,0
BRDA:64,2,0,1
BRDA:64,2,1,0
BRDA:88,3,0,129
BRDA:88,3,1,0
BRDA:100,4,0,67
BRDA:100,4,1,62
BRDA:107,5,0,62
BRDA:107,5,1,67
BRDA:114,6,0,67
BRDA:114,6,1,62
BRDA:138,7,0,67
BRDA:138,7,1,1
BRDA:140,8,0,2
BRDA:140,8,1,65
BRDA:194,9,0,62
BRDA:194,9,1,0
BRDA:196,10,0,1
BRDA:196,10,1,61
BRF:22
BRH:18
end_of_record
TN:
SF:src/pages/DetallePage.tsx
FN:24,DetallePage
FN:36,(anonymous_1)
FN:42,(anonymous_2)
FN:45,(anonymous_3)
FN:48,(anonymous_4)
FN:51,(anonymous_5)
FN:56,handleDelete
FN:209,(anonymous_7)
FN:221,(anonymous_8)
FN:223,(anonymous_9)
FN:232,(anonymous_10)
FN:248,Fact
FN:268,PetLine
FNF:13
FNH:0
FNDA:0,DetallePage
FNDA:0,(anonymous_1)
FNDA:0,(anonymous_2)
FNDA:0,(anonymous_3)
FNDA:0,(anonymous_4)
FNDA:0,(anonymous_5)
FNDA:0,handleDelete
FNDA:0,(anonymous_7)
FNDA:0,(anonymous_8)
FNDA:0,(anonymous_9)
FNDA:0,(anonymous_10)
FNDA:0,Fact
FNDA:0,PetLine
DA:25,0
DA:26,0
DA:27,0
DA:29,0
DA:30,0
DA:31,0
DA:32,0
DA:33,0
DA:34,0
DA:36,0
DA:37,0
DA:38,0
DA:39,0
DA:40,0
DA:41,0
DA:43,0
DA:46,0
DA:49,0
DA:51,0
DA:52,0
DA:57,0
DA:58,0
DA:59,0
DA:60,0
DA:62,0
DA:63,0
DA:64,0
DA:65,0
DA:66,0
DA:68,0
DA:69,0
DA:70,0
DA:74,0
DA:75,0
DA:82,0
DA:83,0
DA:97,0
DA:98,0
DA:100,0
DA:209,0
DA:221,0
DA:223,0
DA:232,0
DA:257,0
DA:269,0
LF:45
LH:0
BRDA:37,0,0,0
BRDA:37,0,1,0
BRDA:43,1,0,0
BRDA:43,1,1,0
BRDA:46,2,0,0
BRDA:46,2,1,0
BRDA:49,3,0,0
BRDA:49,3,1,0
BRDA:57,4,0,0
BRDA:57,4,1,0
BRDA:58,5,0,0
BRDA:58,5,1,0
BRDA:74,6,0,0
BRDA:74,6,1,0
BRDA:82,7,0,0
BRDA:82,7,1,0
BRDA:82,8,0,0
BRDA:82,8,1,0
BRDA:86,9,0,0
BRDA:86,9,1,0
BRDA:109,10,0,0
BRDA:109,10,1,0
BRDA:123,11,0,0
BRDA:123,11,1,0
BRDA:129,12,0,0
BRDA:129,12,1,0
BRDA:135,13,0,0
BRDA:135,13,1,0
BRDA:140,14,0,0
BRDA:140,14,1,0
BRDA:142,15,0,0
BRDA:142,15,1,0
BRDA:145,16,0,0
BRDA:145,16,1,0
BRDA:152,17,0,0
BRDA:152,17,1,0
BRDA:152,17,2,0
BRDA:152,17,3,0
BRDA:157,18,0,0
BRDA:157,18,1,0
BRDA:168,19,0,0
BRDA:168,19,1,0
BRDA:179,20,0,0
BRDA:179,20,1,0
BRDA:191,21,0,0
BRDA:191,21,1,0
BRDA:195,22,0,0
BRDA:195,22,1,0
BRDA:196,23,0,0
BRDA:196,23,1,0
BRDA:197,24,0,0
BRDA:197,24,1,0
BRDA:198,25,0,0
BRDA:198,25,1,0
BRDA:201,26,0,0
BRDA:201,26,1,0
BRDA:207,27,0,0
BRDA:207,27,1,0
BRDA:218,28,0,0
BRDA:218,28,1,0
BRDA:221,29,0,0
BRDA:221,29,1,0
BRDA:238,30,0,0
BRDA:238,30,1,0
BRF:64
BRH:0
end_of_record
TN:
SF:src/pages/GeolocalizacionPage.tsx
FN:12,GeolocalizacionPage
FN:35,DistanceTool
FN:42,handle
FN:76,(anonymous_3)
FN:76,(anonymous_4)
FN:83,(anonymous_5)
FN:83,(anonymous_6)
FN:92,(anonymous_7)
FN:92,(anonymous_8)
FN:99,(anonymous_9)
FN:99,(anonymous_10)
FN:119,RadiusTool
FN:126,handle_2
FN:159,(anonymous_13)
FN:159,(anonymous_14)
FN:166,(anonymous_15)
FN:166,(anonymous_16)
FN:176,(anonymous_17)
FN:194,(anonymous_18)
FN:211,LocationTool
FN:217,usarMiUbicacion
FN:223,(anonymous_21)
FN:230,(anonymous_22)
FN:234,handle_3
FN:267,(anonymous_24)
FN:275,(anonymous_25)
FN:275,(anonymous_26)
FN:282,(anonymous_27)
FN:282,(anonymous_28)
FNF:29
FNH:24
FNDA:3,GeolocalizacionPage
FNDA:37,DistanceTool
FNDA:1,handle
FNDA:8,(anonymous_3)
FNDA:8,(anonymous_4)
FNDA:8,(anonymous_5)
FNDA:8,(anonymous_6)
FNDA:8,(anonymous_7)
FNDA:8,(anonymous_8)
FNDA:8,(anonymous_9)
FNDA:8,(anonymous_10)
FNDA:26,RadiusTool
FNDA:1,handle_2
FNDA:8,(anonymous_13)
FNDA:8,(anonymous_14)
FNDA:8,(anonymous_15)
FNDA:8,(anonymous_16)
FNDA:5,(anonymous_17)
FNDA:1,(anonymous_18)
FNDA:13,LocationTool
FNDA:1,usarMiUbicacion
FNDA:1,(anonymous_21)
FNDA:0,(anonymous_22)
FNDA:1,handle_3
FNDA:7,(anonymous_24)
FNDA:0,(anonymous_25)
FNDA:0,(anonymous_26)
FNDA:0,(anonymous_27)
FNDA:0,(anonymous_28)
DA:13,3
DA:36,37
DA:37,37
DA:38,37
DA:39,37
DA:40,37
DA:43,1
DA:44,1
DA:45,1
DA:46,1
DA:47,1
DA:53,1
DA:55,0
DA:57,1
DA:61,37
DA:76,8
DA:83,8
DA:92,8
DA:99,8
DA:120,26
DA:121,26
DA:122,26
DA:123,26
DA:124,26
DA:127,1
DA:128,1
DA:129,1
DA:130,1
DA:131,1
DA:136,1
DA:138,0
DA:140,1
DA:144,26
DA:159,8
DA:166,8
DA:176,5
DA:195,1
DA:212,13
DA:213,13
DA:214,13
DA:215,13
DA:218,1
DA:219,0
DA:220,0
DA:222,1
DA:224,1
DA:228,1
DA:230,0
DA:235,1
DA:236,1
DA:237,1
DA:238,1
DA:243,1
DA:245,0
DA:247,1
DA:251,13
DA:267,7
DA:275,0
DA:282,0
LF:59
LH:51
BRDA:105,0,0,1
BRDA:105,0,1,36
BRDA:109,1,0,37
BRDA:109,1,1,1
BRDA:180,2,0,1
BRDA:180,2,1,25
BRDA:184,3,0,26
BRDA:184,3,1,1
BRDA:186,4,0,0
BRDA:186,4,1,1
BRDA:218,5,0,0
BRDA:218,5,1,1
BRDA:243,6,0,1
BRDA:243,6,1,0
BRDA:292,7,0,1
BRDA:292,7,1,12
BRF:16
BRH:13
end_of_record
TN:
SF:src/pages/MascotasPage.tsx
FN:20,MascotasPage
FN:27,cargar
FN:32,(anonymous_2)
FN:33,(anonymous_3)
FN:36,(anonymous_4)
FN:41,handleDelete
FN:45,(anonymous_6)
FN:45,(anonymous_7)
FN:66,(anonymous_8)
FN:70,(anonymous_9)
FN:84,(anonymous_10)
FN:101,(anonymous_11)
FN:127,(anonymous_12)
FNF:13
FNH:13
FNDA:14,MascotasPage
FNDA:4,cargar
FNDA:1,(anonymous_2)
FNDA:4,(anonymous_3)
FNDA:3,(anonymous_4)
FNDA:2,handleDelete
FNDA:1,(anonymous_6)
FNDA:1,(anonymous_7)
FNDA:56,(anonymous_8)
FNDA:1,(anonymous_9)
FNDA:1,(anonymous_10)
FNDA:4,(anonymous_11)
FNDA:2,(anonymous_12)
DA:13,1
DA:21,14
DA:22,14
DA:23,14
DA:24,14
DA:25,14
DA:28,4
DA:29,4
DA:30,4
DA:32,1
DA:33,4
DA:36,14
DA:37,3
DA:42,2
DA:43,2
DA:44,2
DA:45,1
DA:46,1
DA:48,1
DA:52,14
DA:67,56
DA:70,1
DA:84,1
DA:102,4
DA:127,2
LF:25
LH:25
BRDA:30,0,0,1
BRDA:30,0,1,3
BRDA:42,1,0,0
BRDA:42,1,1,2
BRDA:69,2,0,14
BRDA:69,2,1,42
BRDA:68,3,0,56
BRDA:68,3,1,14
BRDA:78,4,0,14
BRDA:78,4,1,7
BRDA:80,5,0,14
BRDA:80,5,1,7
BRDA:80,5,2,2
BRDA:91,6,0,14
BRDA:91,6,1,7
BRDA:91,6,2,5
BRDA:91,6,3,1
BRDA:99,7,0,14
BRDA:99,7,1,7
BRDA:99,7,2,5
BRDA:99,7,3,4
BRDA:107,8,0,4
BRDA:107,8,1,0
BRDA:112,9,0,4
BRDA:112,9,1,4
BRDA:113,10,0,4
BRDA:113,10,1,4
BRDA:114,11,0,4
BRDA:114,11,1,4
BRDA:119,12,0,4
BRDA:119,12,1,4
BRF:31
BRH:29
end_of_record
TN:
SF:src/pages/NotFoundPage.tsx
FN:5,NotFoundPage
FNF:1
FNH:1
FNDA:1,NotFoundPage
DA:6,1
LF:1
LH:1
BRF:0
BRH:0
end_of_record
TN:
SF:src/pages/PublicacionesPage.tsx
FN:23,PublicacionesPage
FN:31,(anonymous_1)
FN:36,(anonymous_2)
FN:39,(anonymous_3)
FN:42,(anonymous_4)
FN:45,(anonymous_5)
FN:50,(anonymous_6)
FN:51,(anonymous_7)
FN:67,(anonymous_8)
FN:67,(anonymous_9)
FN:94,(anonymous_10)
FN:98,(anonymous_11)
FN:102,(anonymous_12)
FN:112,(anonymous_13)
FN:119,(anonymous_14)
FN:128,(anonymous_15)
FN:145,(anonymous_16)
FN:167,(anonymous_17)
FNF:18
FNH:16
FNDA:25,PublicacionesPage
FNDA:3,(anonymous_1)
FNDA:2,(anonymous_2)
FNDA:1,(anonymous_3)
FNDA:3,(anonymous_4)
FNDA:3,(anonymous_5)
FNDA:19,(anonymous_6)
FNDA:30,(anonymous_7)
FNDA:19,(anonymous_8)
FNDA:18,(anonymous_9)
FNDA:11,(anonymous_10)
FNDA:100,(anonymous_11)
FNDA:3,(anonymous_12)
FNDA:0,(anonymous_13)
FNDA:1,(anonymous_14)
FNDA:30,(anonymous_15)
FNDA:0,(anonymous_16)
FNDA:19,(anonymous_17)
DA:16,1
DA:24,25
DA:25,25
DA:26,25
DA:27,25
DA:28,25
DA:29,25
DA:31,25
DA:32,3
DA:33,3
DA:34,3
DA:35,3
DA:37,2
DA:40,1
DA:43,3
DA:45,3
DA:46,3
DA:50,25
DA:51,19
DA:52,30
DA:53,30
DA:54,30
DA:55,29
DA:56,28
DA:57,28
DA:58,22
DA:59,22
DA:60,22
DA:62,18
DA:66,25
DA:67,19
DA:71,25
DA:94,11
DA:99,100
DA:102,3
DA:112,0
DA:119,1
DA:129,30
DA:145,0
DA:168,19
LF:40
LH:38
BRDA:37,0,0,2
BRDA:37,0,1,0
BRDA:40,1,0,1
BRDA:40,1,1,0
BRDA:43,2,0,3
BRDA:43,2,1,0
BRDA:54,3,0,1
BRDA:54,3,1,29
BRDA:54,4,0,30
BRDA:54,4,1,2
BRDA:55,5,0,1
BRDA:55,5,1,28
BRDA:55,6,0,29
BRDA:55,6,1,1
BRDA:56,7,0,0
BRDA:56,7,1,28
BRDA:56,8,0,28
BRDA:56,8,1,0
BRDA:57,9,0,22
BRDA:57,9,1,6
BRDA:59,10,0,22
BRDA:59,10,1,0
BRDA:60,11,0,10
BRDA:60,11,1,12
BRDA:67,12,0,18
BRDA:67,12,1,18
BRDA:101,13,0,25
BRDA:101,13,1,75
BRDA:111,14,0,24
BRDA:111,14,1,1
BRDA:118,15,0,1
BRDA:118,15,1,24
BRDA:126,16,0,25
BRDA:126,16,1,5
BRDA:141,17,0,25
BRDA:141,17,1,20
BRDA:141,17,2,2
BRDA:152,18,0,25
BRDA:152,18,1,20
BRDA:152,18,2,18
BRDA:152,18,3,1
BRDA:165,19,0,25
BRDA:165,19,1,20
BRDA:165,19,2,18
BRDA:165,19,3,17
BRDA:165,19,4,16
BRDA:173,20,0,25
BRDA:173,20,1,20
BRDA:173,20,2,18
BRDA:173,20,3,17
BRDA:173,20,4,1
BRDA:175,21,0,0
BRDA:175,21,1,1
BRF:53
BRH:46
end_of_record
TN:
SF:src/pages/ReportarPage.tsx
FN:46,ReportarPage
FN:53,update
FN:54,(anonymous_2)
FN:57,usarMiUbicacion
FN:63,(anonymous_4)
FN:68,(anonymous_5)
FN:72,handleSubmit
FN:137,(anonymous_7)
FN:152,(anonymous_8)
FN:174,(anonymous_9)
FN:183,(anonymous_10)
FN:190,(anonymous_11)
FN:203,(anonymous_12)
FN:213,(anonymous_13)
FN:221,(anonymous_14)
FN:235,(anonymous_15)
FN:242,(anonymous_16)
FN:249,(anonymous_17)
FN:256,(anonymous_18)
FN:278,(anonymous_19)
FN:286,(anonymous_20)
FN:297,(anonymous_21)
FNF:22
FNH:0
FNDA:0,ReportarPage
FNDA:0,update
FNDA:0,(anonymous_2)
FNDA:0,usarMiUbicacion
FNDA:0,(anonymous_4)
FNDA:0,(anonymous_5)
FNDA:0,handleSubmit
FNDA:0,(anonymous_7)
FNDA:0,(anonymous_8)
FNDA:0,(anonymous_9)
FNDA:0,(anonymous_10)
FNDA:0,(anonymous_11)
FNDA:0,(anonymous_12)
FNDA:0,(anonymous_13)
FNDA:0,(anonymous_14)
FNDA:0,(anonymous_15)
FNDA:0,(anonymous_16)
FNDA:0,(anonymous_17)
FNDA:0,(anonymous_18)
FNDA:0,(anonymous_19)
FNDA:0,(anonymous_20)
FNDA:0,(anonymous_21)
DA:30,0
DA:47,0
DA:48,0
DA:49,0
DA:50,0
DA:51,0
DA:54,0
DA:58,0
DA:59,0
DA:60,0
DA:62,0
DA:64,0
DA:65,0
DA:66,0
DA:68,0
DA:73,0
DA:74,0
DA:76,0
DA:77,0
DA:78,0
DA:81,0
DA:98,0
DA:99,0
DA:100,0
DA:101,0
DA:102,0
DA:104,0
DA:105,0
DA:106,0
DA:108,0
DA:112,0
DA:137,0
DA:152,0
DA:174,0
DA:183,0
DA:190,0
DA:203,0
DA:213,0
DA:221,0
DA:235,0
DA:242,0
DA:249,0
DA:256,0
DA:278,0
DA:286,0
DA:297,0
LF:46
LH:0
BRDA:58,0,0,0
BRDA:58,0,1,0
BRDA:76,1,0,0
BRDA:76,1,1,0
BRDA:76,2,0,0
BRDA:76,2,1,0
BRDA:86,3,0,0
BRDA:86,3,1,0
BRDA:87,4,0,0
BRDA:87,4,1,0
BRDA:94,5,0,0
BRDA:94,5,1,0
BRDA:95,6,0,0
BRDA:95,6,1,0
BRDA:135,7,0,0
BRDA:135,7,1,0
BRDA:150,8,0,0
BRDA:150,8,1,0
BRDA:291,9,0,0
BRDA:291,9,1,0
BRDA:303,10,0,0
BRDA:303,10,1,0
BRF:22
BRH:0
end_of_record
TN:
SF:src/pages/UsuariosPage.tsx
FN:12,UsuariosPage
FN:18,cargar
FN:25,(anonymous_2)
FN:26,(anonymous_3)
FN:29,(anonymous_4)
FN:111,(anonymous_5)
FNF:6
FNH:5
FNDA:5,UsuariosPage
FNDA:1,cargar
FNDA:0,(anonymous_2)
FNDA:1,(anonymous_3)
FNDA:3,(anonymous_4)
FNDA:1,(anonymous_5)
DA:13,5
DA:14,5
DA:15,5
DA:16,5
DA:19,1
DA:21,1
DA:22,1
DA:23,1
DA:25,0
DA:26,1
DA:29,5
DA:30,3
DA:31,1
DA:36,5
DA:37,1
DA:53,4
DA:54,1
DA:70,3
DA:112,1
DA:113,1
LF:20
LH:19
BRDA:19,0,0,0
BRDA:19,0,1,1
BRDA:30,1,0,1
BRDA:30,1,1,2
BRDA:30,2,0,3
BRDA:30,2,1,2
BRDA:36,3,0,1
BRDA:36,3,1,4
BRDA:53,4,0,1
BRDA:53,4,1,3
BRDA:87,5,0,3
BRDA:87,5,1,1
BRDA:89,6,0,5
BRDA:89,6,1,2
BRDA:89,6,2,0
BRDA:100,7,0,5
BRDA:100,7,1,2
BRDA:100,7,2,2
BRDA:107,8,0,1
BRDA:107,8,1,1
BRDA:112,9,0,1
BRDA:112,9,1,1
BRDA:112,9,2,0
BRDA:116,10,0,1
BRDA:116,10,1,0
BRDA:116,10,2,0
BRDA:116,10,3,0
BRDA:116,10,4,0
BRDA:122,11,0,1
BRDA:122,11,1,0
BRDA:122,11,2,0
BRDA:122,11,3,0
BRDA:122,11,4,0
BRDA:124,12,0,1
BRDA:124,12,1,0
BRDA:124,12,2,0
BRDA:127,13,0,1
BRDA:127,13,1,0
BRDA:127,14,0,0
BRDA:127,14,1,0
BRF:40
BRH:24
end_of_record
TN:
SF:src/utils/format.ts
FN:3,formatFecha
FN:14,formatFechaCorta
FN:25,formatDistancia
FN:32,tituloTipo
FN:39,tituloEstado
FN:45,iniciales
FN:51,(anonymous_6)
FNF:7
FNH:7
FNDA:3,formatFecha
FNDA:29,formatFechaCorta
FNDA:4,formatDistancia
FNDA:25,tituloTipo
FNDA:2,tituloEstado
FNDA:7,iniciales
FNDA:7,(anonymous_6)
DA:4,3
DA:5,2
DA:6,2
DA:7,1
DA:15,29
DA:16,28
DA:17,28
DA:18,27
DA:26,4
DA:27,2
DA:29,2
DA:33,25
DA:34,25
DA:35,17
DA:36,1
DA:40,2
DA:41,1
DA:42,1
DA:46,7
DA:47,6
DA:51,7
LF:21
LH:21
BRDA:4,0,0,1
BRDA:4,0,1,2
BRDA:6,1,0,1
BRDA:6,1,1,1
BRDA:15,2,0,1
BRDA:15,2,1,28
BRDA:17,3,0,1
BRDA:17,3,1,27
BRDA:26,4,0,2
BRDA:26,4,1,2
BRDA:34,5,0,8
BRDA:34,5,1,17
BRDA:34,6,0,25
BRDA:34,6,1,17
BRDA:35,7,0,16
BRDA:35,7,1,1
BRDA:35,8,0,17
BRDA:35,8,1,2
BRDA:36,9,0,1
BRDA:36,9,1,0
BRDA:40,10,0,1
BRDA:40,10,1,1
BRDA:46,11,0,1
BRDA:46,11,1,6
BRF:24
BRH:23
end_of_record
